2016-03-08 18:32:05,891 - ncbackup - CRITICAL - The main script did not Execute the backups scripts trying to load configs exited with: Expecting , delimiter: line 4 column 5 (char 52)
2016-03-08 18:32:46,785 - ncbackup - CRITICAL - The main script did not Execute the backups scripts trying to load configs exited with: Expecting , delimiter: line 4 column 5 (char 52)
2016-03-08 18:33:18,445 - ncbackup - CRITICAL - The main script did not Execute the backups scripts trying to load configs exited with: Expecting , delimiter: line 4 column 5 (char 52)
2016-03-08 18:34:03,604 - ncbackup - CRITICAL - The main script did not Execute the backups scripts trying to load configs exited with: Expecting , delimiter: line 4 column 5 (char 52)
2016-03-08 18:34:03,605 - ncbackup - CRITICAL - Execution Error: /var/www/py/nc-backup-py/conf/conf.json
2016-03-08 18:34:03,605 - ncbackup - INFO - Execution ends here.
2016-03-08 18:37:06,001 - ncbackup - CRITICAL - The main script did not Execute the backups scripts trying to load configs exited with: Expecting , delimiter: line 4 column 5 (char 52)
2016-03-08 18:38:07,304 - ncbackup - CRITICAL - The main script did not Execute the backups scripts trying to load configs exited with: Expecting , delimiter: line 4 column 5 (char 52)
2016-03-08 18:38:07,304 - ncbackup - CRITICAL - Execution Error with: /var/www/py/nc-backup-py/conf/conf.json
2016-03-08 18:38:07,304 - ncbackup - INFO - Execution ends here.
2016-03-08 18:38:19,286 - ncbackup - CRITICAL - Execution Error with: /var/www/py/nc-backup-py/conf/conf.json
2016-03-08 18:38:19,286 - ncbackup - INFO - Execution ends here.
2016-03-08 18:38:50,710 - ncbackup - CRITICAL - Execution Error with: /var/www/py/nc-backup-py/conf/conf.json
2016-03-08 18:38:50,710 - ncbackup - INFO - Execution ends here.
2016-03-08 18:39:06,201 - ncbackup - CRITICAL - Execution Error with: /var/www/py/nc-backup-py/conf/conf.json
2016-03-08 18:39:06,202 - ncbackup - INFO - Execution ends here.
2016-03-08 18:40:21,864 - ncbackup - INFO - Backups execution...
2016-03-08 18:40:21,864 - ncbackup - INFO - Loading and executing modules from configuration sections
2016-03-08 18:40:50,854 - ncbackup - INFO - Execution ends here.
2016-03-08 18:41:09,543 - ncbackup - CRITICAL - The main script did not Execute the backups scripts trying to load configs exited with: Expecting , delimiter: line 6 column 5 (char 127)
2016-03-08 18:41:09,543 - ncbackup - CRITICAL - Execution Error with: /var/www/py/nc-backup-py/conf/conf.json
2016-03-08 18:41:09,543 - ncbackup - INFO - Execution ends here.
2016-03-08 18:43:33,580 - ncbackup - CRITICAL - Execution Error with: /var/www/py/nc-backup-py/conf/conf.json
2016-03-08 18:43:33,580 - ncbackup - INFO - Execution ends here.
2016-03-08 18:44:59,174 - ncbackup - CRITICAL - Execution Error with: File not found at /var/www/py/nc-backup-py/conf/conf.json
2016-03-08 18:44:59,174 - ncbackup - INFO - Execution ends here.
2016-03-08 18:45:20,634 - ncbackup - CRITICAL - Execution Error with: File not found at /var/www/py/nc-backup-py/conf/conf.json
2016-03-08 18:45:20,634 - ncbackup - INFO - Execution ends here.
2016-03-08 18:45:38,164 - ncbackup - INFO - Backups execution...
2016-03-08 18:45:38,164 - ncbackup - INFO - Loading and executing modules from configuration sections
2016-03-08 18:46:24,566 - ncbackup - INFO - Execution ends here.
2016-03-08 18:50:45,497 - ncbackup - INFO - Backups execution...
2016-03-08 18:50:45,497 - ncbackup - INFO - Loading and executing modules from configuration sections
2016-03-08 18:51:14,523 - ncbackup - INFO - Execution ends here.
2016-03-08 19:05:41,616 - ncbackup - INFO - Backups execution...
2016-03-08 19:05:41,629 - ncbackup - INFO - Loading and executing modules from configuration sections
2016-03-08 19:06:11,446 - ncbackup - INFO - Execution ends here.
2016-03-08 19:13:52,366 - ncbackup - INFO - Backups execution...
2016-03-08 19:13:52,401 - ncbackup - INFO - Loading and executing modules from configuration sections
2016-03-08 19:14:20,867 - ncbackup - INFO - Execution ends here.
2016-03-08 19:23:28,507 - ncbackup - INFO - Backups execution...
2016-03-08 19:23:28,566 - ncbackup - INFO - Loading and executing modules from configuration sections
2016-03-08 19:24:00,171 - ncbackup - INFO - Backups execution...
2016-03-08 19:24:00,171 - ncbackup - INFO - Loading and executing modules from configuration sections
2016-03-08 19:24:32,045 - ncbackup - INFO - Execution ends here.
2016-03-08 19:26:49,005 - ncbackup - INFO - Backups execution...
2016-03-08 19:26:49,005 - ncbackup - INFO - Loading and executing modules from configuration sections
2016-03-08 19:27:36,373 - ncbackup - INFO - Execution ends here.
2016-03-08 20:14:42,746 - ncbackup - INFO - Backups execution...
2016-03-08 20:14:42,762 - ncbackup - INFO - Loading and executing modules from configuration sections
2016-03-08 20:15:17,415 - ncbackup - INFO - Execution ends here.
2016-03-09 15:11:06,342 - ncbackup - INFO - Backups execution...
2016-03-09 15:11:06,359 - ncbackup - INFO - Loading and executing modules from configuration sections
2016-03-09 15:11:31,025 - ncbackup - INFO - Execution ends here.
2016-03-15 04:01:45,075 - ncbackup - INFO - Backups execution...
2016-03-15 04:01:45,076 - ncbackup - INFO - Loading and executing modules from configuration sections
2016-03-15 04:02:11,457 - ncbackup - INFO - Execution ends here.
2016-03-23 18:14:29,504 - ncbackup - INFO - Backups execution...
2016-03-23 18:14:29,505 - ncbackup - INFO - Loading and executing modules from configuration sections
2016-03-23 18:15:17,799 - ncbackup - INFO - Execution ends here.
2016-03-23 18:23:37,822 - ncbackup - INFO - Backups execution...
2016-03-23 18:23:37,823 - ncbackup - INFO - Loading and executing modules from configuration sections
2016-03-23 18:23:41,971 - ncbackup - INFO - Execution ends here.
2016-03-28 14:58:30,718 - ncbackup - CRITICAL - Execution Error with: /var/www/py/nc-backup-py/conf/conf.json
2016-03-28 14:58:30,744 - ncbackup - INFO - Execution ends here.
2016-03-28 14:59:59,919 - ncbackup - INFO - Backups execution...
2016-03-28 14:59:59,920 - ncbackup - INFO - Loading and executing modules from configuration sections
2016-03-28 15:00:18,980 - ncbackup - CRITICAL - Execution Error before sending report.
2016-03-28 15:00:18,980 - ncbackup - INFO - Execution ends here.
2016-03-28 15:02:08,119 - ncbackup - INFO - Backups execution...
2016-03-28 15:02:08,119 - ncbackup - INFO - Loading and executing modules from configuration sections
2016-03-28 15:02:10,251 - ncbackup - INFO - Execution ends here.
